Copyright 1986-2020 Xilinx, Inc. All Rights Reserved.
---------------------------------------------------------------------------------------
| Tool Version : Vivado v.2020.1 (win64) Build 2902540 Wed May 27 19:54:49 MDT 2020
| Date         : Tue Nov 10 17:03:19 2020
| Host         : DESKTOP-5C60VNK running 64-bit major release  (build 9200)
| Command      : report_control_sets -verbose -file Trabalho_1_control_sets_placed.rpt
| Design       : Trabalho_1
| Device       : xc7a35ti
---------------------------------------------------------------------------------------

Control Set Information

Table of Contents
-----------------
1. Summary
2. Histogram
3. Flip-Flop Distribution
4. Detailed Control Set Information

1. Summary
----------

+----------------------------------------------------------+-------+
|                          Status                          | Count |
+----------------------------------------------------------+-------+
| Total control sets                                       |     6 |
|    Minimum number of control sets                        |     6 |
|    Addition due to synthesis replication                 |     0 |
|    Addition due to physical synthesis replication        |     0 |
| Unused register locations in slices containing registers |    34 |
+----------------------------------------------------------+-------+
* Control sets can be merged at opt_design using control_set_merge or merge_equivalent_drivers
** Run report_qor_suggestions for automated merging and remapping suggestions


2. Histogram
------------

+--------------------+-------+
|       Fanout       | Count |
+--------------------+-------+
| Total control sets |     6 |
| >= 0 to < 4        |     3 |
| >= 4 to < 6        |     1 |
| >= 6 to < 8        |     0 |
| >= 8 to < 10       |     1 |
| >= 10 to < 12      |     0 |
| >= 12 to < 14      |     0 |
| >= 14 to < 16      |     0 |
| >= 16              |     1 |
+--------------------+-------+
* Control sets can be remapped at either synth_design or opt_design


3. Flip-Flop Distribution
-------------------------

+--------------+-----------------------+------------------------+-----------------+--------------+
| Clock Enable | Synchronous Set/Reset | Asynchronous Set/Reset | Total Registers | Total Slices |
+--------------+-----------------------+------------------------+-----------------+--------------+
| No           | No                    | No                     |               8 |            4 |
| No           | No                    | Yes                    |               0 |            0 |
| No           | Yes                   | No                     |              26 |            7 |
| Yes          | No                    | No                     |               1 |            1 |
| Yes          | No                    | Yes                    |               0 |            0 |
| Yes          | Yes                   | No                     |              11 |            3 |
+--------------+-----------------------+------------------------+-----------------+--------------+


4. Detailed Control Set Information
-----------------------------------

+-----------------+----------------+------------------+------------------+----------------+--------------+
|   Clock Signal  |  Enable Signal | Set/Reset Signal | Slice Load Count | Bel Load Count | Bels / Slice |
+-----------------+----------------+------------------+------------------+----------------+--------------+
|  clk_IBUF_BUFG  | btn1_IBUF      |                  |                1 |              1 |         1.00 |
|  clk_IBUF_BUFG  | led_s1_i_2_n_0 | led_s1           |                1 |              2 |         2.00 |
|  btn2_IBUF_BUFG |                |                  |                2 |              3 |         1.50 |
|  clk_IBUF_BUFG  |                |                  |                2 |              5 |         2.50 |
|  clk_IBUF_BUFG  | btn1_IBUF      | but10_out        |                2 |              9 |         4.50 |
|  clk_IBUF_BUFG  |                | cont             |                7 |             26 |         3.71 |
+-----------------+----------------+------------------+------------------+----------------+--------------+


